<?xml version="1.0" encoding="UTF-8"?>
<testsuite xmlns:xsi="http://www.w3.org/2001/XMLSchema-instance" xsi:noNamespaceSchemaLocation="https://maven.apache.org/surefire/maven-surefire-plugin/xsd/surefire-test-report.xsd" name="org.pivotal.gpss.MyProcessorTest" time="0.1" tests="1" errors="0" skipped="0" failures="0">
  <properties>
    <property name="gopherProxySet" value="false"/>
    <property name="awt.toolkit" value="sun.lwawt.macosx.LWCToolkit"/>
    <property name="file.encoding.pkg" value="sun.io"/>
    <property name="java.specification.version" value="1.8"/>
    <property name="sun.cpu.isalist" value=""/>
    <property name="sun.jnu.encoding" value="UTF-8"/>
    <property name="java.class.path" value="/Users/dpalaia/nifi-gpss/gpss-processor/nifi-gpss-processors/target/test-classes:/Users/dpalaia/nifi-gpss/gpss-processor/nifi-gpss-processors/target/classes:/Users/dpalaia/.m2/repository/org/apache/nifi/nifi-api/1.10.0/nifi-api-1.10.0.jar:/Users/dpalaia/.m2/repository/org/apache/nifi/nifi-utils/1.10.0/nifi-utils-1.10.0.jar:/Users/dpalaia/.m2/repository/org/apache/nifi/nifi-mock/1.10.0/nifi-mock-1.10.0.jar:/Users/dpalaia/.m2/repository/org/apache/nifi/nifi-framework-api/1.10.0/nifi-framework-api-1.10.0.jar:/Users/dpalaia/.m2/repository/org/apache/nifi/nifi-parameter/1.10.0/nifi-parameter-1.10.0.jar:/Users/dpalaia/.m2/repository/org/apache/nifi/nifi-expression-language/1.10.0/nifi-expression-language-1.10.0.jar:/Users/dpalaia/.m2/repository/org/antlr/antlr-runtime/3.5.2/antlr-runtime-3.5.2.jar:/Users/dpalaia/.m2/repository/com/jayway/jsonpath/json-path/2.4.0/json-path-2.4.0.jar:/Users/dpalaia/.m2/repository/net/minidev/json-smart/2.3/json-smart-2.3.jar:/Users/dpalaia/.m2/repository/net/minidev/accessors-smart/1.2/accessors-smart-1.2.jar:/Users/dpalaia/.m2/repository/org/ow2/asm/asm/5.0.4/asm-5.0.4.jar:/Users/dpalaia/.m2/repository/com/fasterxml/jackson/core/jackson-databind/2.9.10/jackson-databind-2.9.10.jar:/Users/dpalaia/.m2/repository/com/fasterxml/jackson/core/jackson-annotations/2.9.10/jackson-annotations-2.9.10.jar:/Users/dpalaia/.m2/repository/com/fasterxml/jackson/core/jackson-core/2.9.10/jackson-core-2.9.10.jar:/Users/dpalaia/.m2/repository/org/apache/commons/commons-text/1.8/commons-text-1.8.jar:/Users/dpalaia/.m2/repository/org/apache/commons/commons-lang3/3.9/commons-lang3-3.9.jar:/Users/dpalaia/.m2/repository/org/apache/nifi/nifi-data-provenance-utils/1.10.0/nifi-data-provenance-utils-1.10.0.jar:/Users/dpalaia/.m2/repository/org/apache/nifi/nifi-security-utils/1.10.0/nifi-security-utils-1.10.0.jar:/Users/dpalaia/.m2/repository/commons-codec/commons-codec/1.12/commons-codec-1.12.jar:/Users/dpalaia/.m2/repository/org/bouncycastle/bcpkix-jdk15on/1.61/bcpkix-jdk15on-1.61.jar:/Users/dpalaia/.m2/repository/de/svenkubiak/jBCrypt/0.4.1/jBCrypt-0.4.1.jar:/Users/dpalaia/.m2/repository/org/apache/commons/commons-configuration2/2.4/commons-configuration2-2.4.jar:/Users/dpalaia/.m2/repository/commons-logging/commons-logging/1.2/commons-logging-1.2.jar:/Users/dpalaia/.m2/repository/org/bouncycastle/bcprov-jdk15on/1.61/bcprov-jdk15on-1.61.jar:/Users/dpalaia/.m2/repository/org/apache/nifi/nifi-properties-loader/1.10.0/nifi-properties-loader-1.10.0.jar:/Users/dpalaia/.m2/repository/org/apache/nifi/nifi-properties/1.10.0/nifi-properties-1.10.0.jar:/Users/dpalaia/.m2/repository/org/slf4j/slf4j-simple/1.7.26/slf4j-simple-1.7.26.jar:/Users/dpalaia/.m2/repository/org/slf4j/slf4j-api/1.7.26/slf4j-api-1.7.26.jar:/Users/dpalaia/.m2/repository/junit/junit/4.12/junit-4.12.jar:/Users/dpalaia/.m2/repository/org/hamcrest/hamcrest-core/1.3/hamcrest-core-1.3.jar:/Users/dpalaia/.m2/repository/io/grpc/grpc-stub/1.26.0/grpc-stub-1.26.0.jar:/Users/dpalaia/.m2/repository/io/grpc/grpc-api/1.26.0/grpc-api-1.26.0.jar:/Users/dpalaia/.m2/repository/io/grpc/grpc-context/1.26.0/grpc-context-1.26.0.jar:/Users/dpalaia/.m2/repository/com/google/errorprone/error_prone_annotations/2.3.3/error_prone_annotations-2.3.3.jar:/Users/dpalaia/.m2/repository/com/google/code/findbugs/jsr305/3.0.2/jsr305-3.0.2.jar:/Users/dpalaia/.m2/repository/org/codehaus/mojo/animal-sniffer-annotations/1.17/animal-sniffer-annotations-1.17.jar:/Users/dpalaia/.m2/repository/io/grpc/grpc-protobuf/1.26.0/grpc-protobuf-1.26.0.jar:/Users/dpalaia/.m2/repository/com/google/protobuf/protobuf-java/3.11.0/protobuf-java-3.11.0.jar:/Users/dpalaia/.m2/repository/com/google/guava/guava/28.1-android/guava-28.1-android.jar:/Users/dpalaia/.m2/repository/com/google/guava/failureaccess/1.0.1/failureaccess-1.0.1.jar:/Users/dpalaia/.m2/repository/com/google/guava/listenablefuture/9999.0-empty-to-avoid-conflict-with-guava/listenablefuture-9999.0-empty-to-avoid-conflict-with-guava.jar:/Users/dpalaia/.m2/repository/org/checkerframework/checker-compat-qual/2.5.5/checker-compat-qual-2.5.5.jar:/Users/dpalaia/.m2/repository/com/google/j2objc/j2objc-annotations/1.3/j2objc-annotations-1.3.jar:/Users/dpalaia/.m2/repository/com/google/api/grpc/proto-google-common-protos/1.12.0/proto-google-common-protos-1.12.0.jar:/Users/dpalaia/.m2/repository/io/grpc/grpc-protobuf-lite/1.26.0/grpc-protobuf-lite-1.26.0.jar:/Users/dpalaia/.m2/repository/org/apache/nifi/nifi-logging-utils/1.11.0/nifi-logging-utils-1.11.0.jar:/Users/dpalaia/.m2/repository/io/grpc/grpc-netty/1.26.0/grpc-netty-1.26.0.jar:/Users/dpalaia/.m2/repository/io/grpc/grpc-core/1.26.0/grpc-core-1.26.0.jar:/Users/dpalaia/.m2/repository/com/google/code/gson/gson/2.8.6/gson-2.8.6.jar:/Users/dpalaia/.m2/repository/com/google/android/annotations/4.1.1.4/annotations-4.1.1.4.jar:/Users/dpalaia/.m2/repository/io/perfmark/perfmark-api/0.19.0/perfmark-api-0.19.0.jar:/Users/dpalaia/.m2/repository/io/opencensus/opencensus-api/0.24.0/opencensus-api-0.24.0.jar:/Users/dpalaia/.m2/repository/io/opencensus/opencensus-contrib-grpc-metrics/0.24.0/opencensus-contrib-grpc-metrics-0.24.0.jar:/Users/dpalaia/.m2/repository/io/netty/netty-codec-http2/4.1.42.Final/netty-codec-http2-4.1.42.Final.jar:/Users/dpalaia/.m2/repository/io/netty/netty-common/4.1.42.Final/netty-common-4.1.42.Final.jar:/Users/dpalaia/.m2/repository/io/netty/netty-buffer/4.1.42.Final/netty-buffer-4.1.42.Final.jar:/Users/dpalaia/.m2/repository/io/netty/netty-transport/4.1.42.Final/netty-transport-4.1.42.Final.jar:/Users/dpalaia/.m2/repository/io/netty/netty-resolver/4.1.42.Final/netty-resolver-4.1.42.Final.jar:/Users/dpalaia/.m2/repository/io/netty/netty-codec/4.1.42.Final/netty-codec-4.1.42.Final.jar:/Users/dpalaia/.m2/repository/io/netty/netty-handler/4.1.42.Final/netty-handler-4.1.42.Final.jar:/Users/dpalaia/.m2/repository/io/netty/netty-codec-http/4.1.42.Final/netty-codec-http-4.1.42.Final.jar:/Users/dpalaia/.m2/repository/io/netty/netty-handler-proxy/4.1.42.Final/netty-handler-proxy-4.1.42.Final.jar:/Users/dpalaia/.m2/repository/io/netty/netty-codec-socks/4.1.42.Final/netty-codec-socks-4.1.42.Final.jar:/Users/dpalaia/.m2/repository/commons-io/commons-io/2.5/commons-io-2.5.jar:/Users/dpalaia/.m2/repository/org/mockito/mockito-core/2.28.2/mockito-core-2.28.2.jar:/Users/dpalaia/.m2/repository/net/bytebuddy/byte-buddy/1.9.10/byte-buddy-1.9.10.jar:/Users/dpalaia/.m2/repository/net/bytebuddy/byte-buddy-agent/1.9.10/byte-buddy-agent-1.9.10.jar:/Users/dpalaia/.m2/repository/org/objenesis/objenesis/2.6/objenesis-2.6.jar:/Users/dpalaia/.m2/repository/org/codehaus/groovy/groovy-test/2.5.4/groovy-test-2.5.4.jar:/Users/dpalaia/.m2/repository/org/codehaus/groovy/groovy/2.5.4/groovy-2.5.4.jar:"/>
    <property name="java.vm.vendor" value="Oracle Corporation"/>
    <property name="sun.arch.data.model" value="64"/>
    <property name="java.vendor.url" value="http://java.oracle.com/"/>
    <property name="user.timezone" value=""/>
    <property name="java.vm.specification.version" value="1.8"/>
    <property name="os.name" value="Mac OS X"/>
    <property name="user.country" value="GB"/>
    <property name="sun.java.launcher" value="SUN_STANDARD"/>
    <property name="sun.boot.library.path" value="/Library/Java/JavaVirtualMachines/jdk1.8.0_151.jdk/Contents/Home/jre/lib"/>
    <property name="sun.java.command" value="/Users/dpalaia/nifi-gpss/gpss-processor/nifi-gpss-processors/target/surefire/surefirebooter1029246660324227473.jar /Users/dpalaia/nifi-gpss/gpss-processor/nifi-gpss-processors/target/surefire 2020-01-26T14-12-43_073-jvmRun1 surefire7351107030256098416tmp surefire_02701249730284420181tmp"/>
    <property name="http.nonProxyHosts" value="local|*.local|169.254/16|*.169.254/16"/>
    <property name="surefire.test.class.path" value="/Users/dpalaia/nifi-gpss/gpss-processor/nifi-gpss-processors/target/test-classes:/Users/dpalaia/nifi-gpss/gpss-processor/nifi-gpss-processors/target/classes:/Users/dpalaia/.m2/repository/org/apache/nifi/nifi-api/1.10.0/nifi-api-1.10.0.jar:/Users/dpalaia/.m2/repository/org/apache/nifi/nifi-utils/1.10.0/nifi-utils-1.10.0.jar:/Users/dpalaia/.m2/repository/org/apache/nifi/nifi-mock/1.10.0/nifi-mock-1.10.0.jar:/Users/dpalaia/.m2/repository/org/apache/nifi/nifi-framework-api/1.10.0/nifi-framework-api-1.10.0.jar:/Users/dpalaia/.m2/repository/org/apache/nifi/nifi-parameter/1.10.0/nifi-parameter-1.10.0.jar:/Users/dpalaia/.m2/repository/org/apache/nifi/nifi-expression-language/1.10.0/nifi-expression-language-1.10.0.jar:/Users/dpalaia/.m2/repository/org/antlr/antlr-runtime/3.5.2/antlr-runtime-3.5.2.jar:/Users/dpalaia/.m2/repository/com/jayway/jsonpath/json-path/2.4.0/json-path-2.4.0.jar:/Users/dpalaia/.m2/repository/net/minidev/json-smart/2.3/json-smart-2.3.jar:/Users/dpalaia/.m2/repository/net/minidev/accessors-smart/1.2/accessors-smart-1.2.jar:/Users/dpalaia/.m2/repository/org/ow2/asm/asm/5.0.4/asm-5.0.4.jar:/Users/dpalaia/.m2/repository/com/fasterxml/jackson/core/jackson-databind/2.9.10/jackson-databind-2.9.10.jar:/Users/dpalaia/.m2/repository/com/fasterxml/jackson/core/jackson-annotations/2.9.10/jackson-annotations-2.9.10.jar:/Users/dpalaia/.m2/repository/com/fasterxml/jackson/core/jackson-core/2.9.10/jackson-core-2.9.10.jar:/Users/dpalaia/.m2/repository/org/apache/commons/commons-text/1.8/commons-text-1.8.jar:/Users/dpalaia/.m2/repository/org/apache/commons/commons-lang3/3.9/commons-lang3-3.9.jar:/Users/dpalaia/.m2/repository/org/apache/nifi/nifi-data-provenance-utils/1.10.0/nifi-data-provenance-utils-1.10.0.jar:/Users/dpalaia/.m2/repository/org/apache/nifi/nifi-security-utils/1.10.0/nifi-security-utils-1.10.0.jar:/Users/dpalaia/.m2/repository/commons-codec/commons-codec/1.12/commons-codec-1.12.jar:/Users/dpalaia/.m2/repository/org/bouncycastle/bcpkix-jdk15on/1.61/bcpkix-jdk15on-1.61.jar:/Users/dpalaia/.m2/repository/de/svenkubiak/jBCrypt/0.4.1/jBCrypt-0.4.1.jar:/Users/dpalaia/.m2/repository/org/apache/commons/commons-configuration2/2.4/commons-configuration2-2.4.jar:/Users/dpalaia/.m2/repository/commons-logging/commons-logging/1.2/commons-logging-1.2.jar:/Users/dpalaia/.m2/repository/org/bouncycastle/bcprov-jdk15on/1.61/bcprov-jdk15on-1.61.jar:/Users/dpalaia/.m2/repository/org/apache/nifi/nifi-properties-loader/1.10.0/nifi-properties-loader-1.10.0.jar:/Users/dpalaia/.m2/repository/org/apache/nifi/nifi-properties/1.10.0/nifi-properties-1.10.0.jar:/Users/dpalaia/.m2/repository/org/slf4j/slf4j-simple/1.7.26/slf4j-simple-1.7.26.jar:/Users/dpalaia/.m2/repository/org/slf4j/slf4j-api/1.7.26/slf4j-api-1.7.26.jar:/Users/dpalaia/.m2/repository/junit/junit/4.12/junit-4.12.jar:/Users/dpalaia/.m2/repository/org/hamcrest/hamcrest-core/1.3/hamcrest-core-1.3.jar:/Users/dpalaia/.m2/repository/io/grpc/grpc-stub/1.26.0/grpc-stub-1.26.0.jar:/Users/dpalaia/.m2/repository/io/grpc/grpc-api/1.26.0/grpc-api-1.26.0.jar:/Users/dpalaia/.m2/repository/io/grpc/grpc-context/1.26.0/grpc-context-1.26.0.jar:/Users/dpalaia/.m2/repository/com/google/errorprone/error_prone_annotations/2.3.3/error_prone_annotations-2.3.3.jar:/Users/dpalaia/.m2/repository/com/google/code/findbugs/jsr305/3.0.2/jsr305-3.0.2.jar:/Users/dpalaia/.m2/repository/org/codehaus/mojo/animal-sniffer-annotations/1.17/animal-sniffer-annotations-1.17.jar:/Users/dpalaia/.m2/repository/io/grpc/grpc-protobuf/1.26.0/grpc-protobuf-1.26.0.jar:/Users/dpalaia/.m2/repository/com/google/protobuf/protobuf-java/3.11.0/protobuf-java-3.11.0.jar:/Users/dpalaia/.m2/repository/com/google/guava/guava/28.1-android/guava-28.1-android.jar:/Users/dpalaia/.m2/repository/com/google/guava/failureaccess/1.0.1/failureaccess-1.0.1.jar:/Users/dpalaia/.m2/repository/com/google/guava/listenablefuture/9999.0-empty-to-avoid-conflict-with-guava/listenablefuture-9999.0-empty-to-avoid-conflict-with-guava.jar:/Users/dpalaia/.m2/repository/org/checkerframework/checker-compat-qual/2.5.5/checker-compat-qual-2.5.5.jar:/Users/dpalaia/.m2/repository/com/google/j2objc/j2objc-annotations/1.3/j2objc-annotations-1.3.jar:/Users/dpalaia/.m2/repository/com/google/api/grpc/proto-google-common-protos/1.12.0/proto-google-common-protos-1.12.0.jar:/Users/dpalaia/.m2/repository/io/grpc/grpc-protobuf-lite/1.26.0/grpc-protobuf-lite-1.26.0.jar:/Users/dpalaia/.m2/repository/org/apache/nifi/nifi-logging-utils/1.11.0/nifi-logging-utils-1.11.0.jar:/Users/dpalaia/.m2/repository/io/grpc/grpc-netty/1.26.0/grpc-netty-1.26.0.jar:/Users/dpalaia/.m2/repository/io/grpc/grpc-core/1.26.0/grpc-core-1.26.0.jar:/Users/dpalaia/.m2/repository/com/google/code/gson/gson/2.8.6/gson-2.8.6.jar:/Users/dpalaia/.m2/repository/com/google/android/annotations/4.1.1.4/annotations-4.1.1.4.jar:/Users/dpalaia/.m2/repository/io/perfmark/perfmark-api/0.19.0/perfmark-api-0.19.0.jar:/Users/dpalaia/.m2/repository/io/opencensus/opencensus-api/0.24.0/opencensus-api-0.24.0.jar:/Users/dpalaia/.m2/repository/io/opencensus/opencensus-contrib-grpc-metrics/0.24.0/opencensus-contrib-grpc-metrics-0.24.0.jar:/Users/dpalaia/.m2/repository/io/netty/netty-codec-http2/4.1.42.Final/netty-codec-http2-4.1.42.Final.jar:/Users/dpalaia/.m2/repository/io/netty/netty-common/4.1.42.Final/netty-common-4.1.42.Final.jar:/Users/dpalaia/.m2/repository/io/netty/netty-buffer/4.1.42.Final/netty-buffer-4.1.42.Final.jar:/Users/dpalaia/.m2/repository/io/netty/netty-transport/4.1.42.Final/netty-transport-4.1.42.Final.jar:/Users/dpalaia/.m2/repository/io/netty/netty-resolver/4.1.42.Final/netty-resolver-4.1.42.Final.jar:/Users/dpalaia/.m2/repository/io/netty/netty-codec/4.1.42.Final/netty-codec-4.1.42.Final.jar:/Users/dpalaia/.m2/repository/io/netty/netty-handler/4.1.42.Final/netty-handler-4.1.42.Final.jar:/Users/dpalaia/.m2/repository/io/netty/netty-codec-http/4.1.42.Final/netty-codec-http-4.1.42.Final.jar:/Users/dpalaia/.m2/repository/io/netty/netty-handler-proxy/4.1.42.Final/netty-handler-proxy-4.1.42.Final.jar:/Users/dpalaia/.m2/repository/io/netty/netty-codec-socks/4.1.42.Final/netty-codec-socks-4.1.42.Final.jar:/Users/dpalaia/.m2/repository/commons-io/commons-io/2.5/commons-io-2.5.jar:/Users/dpalaia/.m2/repository/org/mockito/mockito-core/2.28.2/mockito-core-2.28.2.jar:/Users/dpalaia/.m2/repository/net/bytebuddy/byte-buddy/1.9.10/byte-buddy-1.9.10.jar:/Users/dpalaia/.m2/repository/net/bytebuddy/byte-buddy-agent/1.9.10/byte-buddy-agent-1.9.10.jar:/Users/dpalaia/.m2/repository/org/objenesis/objenesis/2.6/objenesis-2.6.jar:/Users/dpalaia/.m2/repository/org/codehaus/groovy/groovy-test/2.5.4/groovy-test-2.5.4.jar:/Users/dpalaia/.m2/repository/org/codehaus/groovy/groovy/2.5.4/groovy-2.5.4.jar:"/>
    <property name="sun.cpu.endian" value="little"/>
    <property name="user.home" value="/Users/dpalaia"/>
    <property name="user.language" value="en"/>
    <property name="java.specification.vendor" value="Oracle Corporation"/>
    <property name="java.home" value="/Library/Java/JavaVirtualMachines/jdk1.8.0_151.jdk/Contents/Home/jre"/>
    <property name="basedir" value="/Users/dpalaia/nifi-gpss/gpss-processor/nifi-gpss-processors"/>
    <property name="file.separator" value="/"/>
    <property name="line.separator" value="&#10;"/>
    <property name="java.vm.specification.vendor" value="Oracle Corporation"/>
    <property name="java.specification.name" value="Java Platform API Specification"/>
    <property name="java.awt.graphicsenv" value="sun.awt.CGraphicsEnvironment"/>
    <property name="java.awt.headless" value="true"/>
    <property name="surefire.real.class.path" value="/Users/dpalaia/nifi-gpss/gpss-processor/nifi-gpss-processors/target/surefire/surefirebooter1029246660324227473.jar"/>
    <property name="sun.boot.class.path" value="/Library/Java/JavaVirtualMachines/jdk1.8.0_151.jdk/Contents/Home/jre/lib/resources.jar:/Library/Java/JavaVirtualMachines/jdk1.8.0_151.jdk/Contents/Home/jre/lib/rt.jar:/Library/Java/JavaVirtualMachines/jdk1.8.0_151.jdk/Contents/Home/jre/lib/sunrsasign.jar:/Library/Java/JavaVirtualMachines/jdk1.8.0_151.jdk/Contents/Home/jre/lib/jsse.jar:/Library/Java/JavaVirtualMachines/jdk1.8.0_151.jdk/Contents/Home/jre/lib/jce.jar:/Library/Java/JavaVirtualMachines/jdk1.8.0_151.jdk/Contents/Home/jre/lib/charsets.jar:/Library/Java/JavaVirtualMachines/jdk1.8.0_151.jdk/Contents/Home/jre/lib/jfr.jar:/Library/Java/JavaVirtualMachines/jdk1.8.0_151.jdk/Contents/Home/jre/classes"/>
    <property name="sun.management.compiler" value="HotSpot 64-Bit Tiered Compilers"/>
    <property name="ftp.nonProxyHosts" value="local|*.local|169.254/16|*.169.254/16"/>
    <property name="java.runtime.version" value="1.8.0_151-b12"/>
    <property name="java.net.preferIPv4Stack" value="true"/>
    <property name="user.name" value="dpalaia"/>
    <property name="path.separator" value=":"/>
    <property name="os.version" value="10.12.6"/>
    <property name="java.endorsed.dirs" value="/Library/Java/JavaVirtualMachines/jdk1.8.0_151.jdk/Contents/Home/jre/lib/endorsed"/>
    <property name="java.runtime.name" value="Java(TM) SE Runtime Environment"/>
    <property name="file.encoding" value="UTF-8"/>
    <property name="java.vm.name" value="Java HotSpot(TM) 64-Bit Server VM"/>
    <property name="localRepository" value="/Users/dpalaia/.m2/repository"/>
    <property name="java.vendor.url.bug" value="http://bugreport.sun.com/bugreport/"/>
    <property name="java.io.tmpdir" value="/var/folders/w0/w1p4cqgd0bg8rzw7mz129rbw0000gn/T/"/>
    <property name="java.version" value="1.8.0_151"/>
    <property name="user.dir" value="/Users/dpalaia/nifi-gpss/gpss-processor/nifi-gpss-processors"/>
    <property name="os.arch" value="x86_64"/>
    <property name="java.vm.specification.name" value="Java Virtual Machine Specification"/>
    <property name="java.awt.printerjob" value="sun.lwawt.macosx.CPrinterJob"/>
    <property name="sun.os.patch.level" value="unknown"/>
    <property name="java.library.path" value="/Users/dpalaia/Library/Java/Extensions:/Library/Java/Extensions:/Network/Library/Java/Extensions:/System/Library/Java/Extensions:/usr/lib/java:."/>
    <property name="java.vm.info" value="mixed mode"/>
    <property name="java.vendor" value="Oracle Corporation"/>
    <property name="java.vm.version" value="25.151-b12"/>
    <property name="java.ext.dirs" value="/Users/dpalaia/Library/Java/Extensions:/Library/Java/JavaVirtualMachines/jdk1.8.0_151.jdk/Contents/Home/jre/lib/ext:/Library/Java/Extensions:/Network/Library/Java/Extensions:/System/Library/Java/Extensions:/usr/lib/java"/>
    <property name="sun.io.unicode.encoding" value="UnicodeBig"/>
    <property name="java.class.version" value="52.0"/>
    <property name="socksNonProxyHosts" value="local|*.local|169.254/16|*.169.254/16"/>
  </properties>
  <testcase name="testProcessor" classname="org.pivotal.gpss.MyProcessorTest" time="0.071"/>
</testsuite>